<?xml version="1.0" encoding="UTF-8"?>
<!-- Generated by org.testng.reporters.JUnitXMLReporter -->
<testsuite hostname="Acer" ignored="0" name="Test" tests="7" failures="1" timestamp="05 Jan 2020 05:47:55 GMT" time="15.24" errors="0">
  <testcase name="verifySsize" time="4.308" classname="app.tests.sizeTest">
    <failure type="java.lang.AssertionError" message="Fails expected [true] but found [false]">
      <![CDATA[java.lang.AssertionError: Fails expected [true] but found [false]
	at app.tests.sizeTest.verifySsize(sizeTest.java:25)
... Removed 28 stack frames]]>
    </failure>
  </testcase> <!-- verifySsize -->
  <testcase name="DressesTag" time="0.266" classname="app.tests.HomePageTest"/>
  <testcase name="shirtsTag" time="0.208" classname="app.tests.HomePageTest"/>
  <testcase name="verifyDressespage" time="3.462" classname="app.tests.HomePageTest"/>
  <testcase name="verifyWomenTag" time="0.16" classname="app.tests.HomePageTest"/>
  <testcase name="verifyWomenpage" time="3.225" classname="app.tests.HomePageTest"/>
  <testcase name="verifyshirtspage" time="3.471" classname="app.tests.HomePageTest"/>
</testsuite> <!-- Test -->
